  stdafx.cpp
  Animatable.cpp
  Animation.cpp
c:\users\bennett\desktop\sfml\sfmltemplate\sfmltemplate\animation.cpp(54): warning C4018: '>': signed/unsigned mismatch
  BackgroundEngine.cpp
  BackgroundLayer.cpp
  BasicBullet.cpp
c:\users\bennett\desktop\sfml\sfmltemplate\sfmltemplate\basicbullet.cpp(22): warning C4244: '=': conversion from 'double' to 'float', possible loss of data
c:\users\bennett\desktop\sfml\sfmltemplate\sfmltemplate\basicbullet.cpp(23): warning C4244: '=': conversion from 'double' to 'float', possible loss of data
  BasicGun.cpp
  Entity.cpp
  EntityLivingBase.cpp
  GameState.cpp
  GunBase.cpp
  InitAnimations.cpp
  Level.cpp
  MenuButton.cpp
  MenuState.cpp
  Mob.cpp
  ProjectileBase.cpp
  State.cpp
  StateManager.cpp
  Player.cpp
c:\users\bennett\desktop\sfml\sfmltemplate\sfmltemplate\player.cpp(135): warning C4305: '*=': truncation from 'double' to 'float'
  Game.cpp
  Generating Code...
c:\users\bennett\desktop\sfml\sfmltemplate\sfmltemplate\entitylivingbase.cpp(194): warning C4715: 'EntityLivingBase::calculatePoints': not all control paths return a value
  Compiling...
  Tile.cpp
  TileMap.cpp
  Generating Code...
  SFMLTemplate.vcxproj -> C:\Users\bennett\Desktop\SFML\SFMLTemplate\Debug\SFMLTemplate.exe
